[I 2026-04-18 22:56:07,412] Trial 99 finished with value: 0.015396560870941838 and parameters: {'hidden_dim': 192, 'num_blocks': 4, 'dropout': 0.09506694911954529, 'lr': 0.0005570698027736433}. Best is trial 64 with value: 0.015245427883982853.
Best trial val loss = 0.015245
Best params: {'hidden_dim': 384, 'num_blocks': 8, 'dropout': 0.17140313556931416, 'lr': 0.0002926559890356964}
Final:   0%|          | 0/250 [00:00<?, ?it/s]Final:   0%|          | 1/250 [00:00<00:45,  5.47it/s]Final:   1%|          | 2/250 [00:00<00:44,  5.57it/s]Final:   1%|1         | 3/250 [00:00<00:45,  5.47it/s]Final:   2%|1         | 4/250 [00:00<00:43,  5.61it/s]Final:   2%|2         | 5/250 [00:00<00:44,  5.51it/s]Final:   2%|2         | 6/250 [00:01<00:45,  5.38it/s]Final:   3%|2         | 7/250 [00:01<00:45,  5.33it/s]Final:   3%|3         | 8/250 [00:01<00:45,  5.37it/s]Final:   4%|3         | 9/250 [00:01<00:44,  5.44it/s]Final:   4%|4         | 10/250 [00:01<00:44,  5.37it/s]Final:   4%|4         | 11/250 [00:02<00:44,  5.35it/s]Final:   5%|4         | 12/250 [00:02<00:43,  5.51it/s]Final:   5%|5         | 13/250 [00:02<00:42,  5.52it/s]Final:   6%|5         | 14/250 [00:02<00:44,  5.34it/s]Final:   6%|6         | 15/250 [00:02<00:45,  5.18it/s]Final:   6%|6         | 16/250 [00:02<00:44,  5.22it/s]Final:   7%|6         | 17/250 [00:03<00:43,  5.38it/s]Final:   7%|7         | 18/250 [00:03<00:42,  5.42it/s]Final:   8%|7         | 19/250 [00:03<00:43,  5.35it/s]Final:   8%|8         | 20/250 [00:03<00:42,  5.46it/s]Final:   8%|8         | 21/250 [00:03<00:42,  5.45it/s]Final:   9%|8         | 22/250 [00:04<00:43,  5.26it/s]Final:   9%|9         | 23/250 [00:04<00:43,  5.27it/s]Final:  10%|9         | 24/250 [00:04<00:41,  5.40it/s]Final:  10%|#         | 25/250 [00:04<00:41,  5.39it/s]Final:  10%|#         | 26/250 [00:04<00:41,  5.36it/s]Final:  11%|#         | 27/250 [00:05<00:41,  5.39it/s]Final:  11%|#1        | 28/250 [00:05<00:43,  5.13it/s]Final:  12%|#1        | 29/250 [00:05<00:43,  5.10it/s]Final:  12%|#2        | 30/250 [00:05<00:43,  5.08it/s]Final:  12%|#2        | 31/250 [00:05<00:41,  5.24it/s]Final:  13%|#2        | 32/250 [00:06<00:42,  5.11it/s]Final:  13%|#3        | 33/250 [00:06<00:43,  4.96it/s]Final:  14%|#3        | 34/250 [00:06<00:44,  4.89it/s]Final:  14%|#4        | 35/250 [00:06<00:43,  4.91it/s]Final:  14%|#4        | 36/250 [00:06<00:43,  4.89it/s]Final:  15%|#4        | 37/250 [00:07<00:43,  4.93it/s]Final:  15%|#5        | 38/250 [00:07<00:42,  4.94it/s]Final:  16%|#5        | 39/250 [00:07<00:42,  4.94it/s]Final:  16%|#6        | 40/250 [00:07<00:42,  4.97it/s]Final:  16%|#6        | 41/250 [00:07<00:41,  5.04it/s]Final:  17%|#6        | 42/250 [00:08<00:41,  4.99it/s]Final:  17%|#7        | 43/250 [00:08<00:41,  5.04it/s]Final:  18%|#7        | 44/250 [00:08<00:41,  4.95it/s]Final:  18%|#8        | 45/250 [00:08<00:41,  4.96it/s]Final:  18%|#8        | 46/250 [00:08<00:41,  4.95it/s]Final:  19%|#8        | 47/250 [00:09<00:41,  4.94it/s]Final:  19%|#9        | 48/250 [00:09<00:40,  4.93it/s]Final:  20%|#9        | 49/250 [00:09<00:40,  4.93it/s]Final:  20%|##        | 50/250 [00:09<00:40,  4.91it/s]Final:  20%|##        | 51/250 [00:09<00:41,  4.84it/s]Final:  21%|##        | 52/250 [00:10<00:41,  4.81it/s]Final:  21%|##1       | 53/250 [00:10<00:40,  4.83it/s]Final:  22%|##1       | 54/250 [00:10<00:40,  4.84it/s]Final:  22%|##2       | 55/250 [00:10<00:40,  4.85it/s]Final:  22%|##2       | 56/250 [00:10<00:40,  4.81it/s]Final:  23%|##2       | 57/250 [00:11<00:39,  4.83it/s]Final:  23%|##3       | 58/250 [00:11<00:39,  4.81it/s]Final:  24%|##3       | 59/250 [00:11<00:39,  4.83it/s]Final:  24%|##4       | 60/250 [00:11<00:37,  5.02it/s]Final:  24%|##4       | 61/250 [00:11<00:37,  5.08it/s]Final:  25%|##4       | 62/250 [00:12<00:37,  5.05it/s]Final:  25%|##5       | 63/250 [00:12<00:37,  5.03it/s]Final:  26%|##5       | 64/250 [00:12<00:37,  4.98it/s]Final:  26%|##6       | 65/250 [00:12<00:35,  5.15it/s]Final:  26%|##6       | 66/250 [00:12<00:36,  5.02it/s]Final:  27%|##6       | 67/250 [00:13<00:37,  4.92it/s]Final:  27%|##7       | 68/250 [00:13<00:37,  4.88it/s]Final:  28%|##7       | 69/250 [00:13<00:37,  4.85it/s]Final:  28%|##8       | 70/250 [00:13<00:36,  4.91it/s]Final:  28%|##8       | 71/250 [00:13<00:36,  4.91it/s]Final:  29%|##8       | 72/250 [00:14<00:36,  4.87it/s]Final:  29%|##9       | 73/250 [00:14<00:36,  4.91it/s]Final:  30%|##9       | 74/250 [00:14<00:35,  4.94it/s]Final:  30%|###       | 75/250 [00:14<00:35,  4.96it/s]Final:  30%|###       | 76/250 [00:14<00:34,  4.99it/s]Final:  31%|###       | 77/250 [00:15<00:34,  5.01it/s]Final:  31%|###1      | 78/250 [00:15<00:34,  4.97it/s]Final:  32%|###1      | 79/250 [00:15<00:34,  4.92it/s]Final:  32%|###2      | 80/250 [00:15<00:34,  4.90it/s]Final:  32%|###2      | 81/250 [00:15<00:33,  5.08it/s]Final:  33%|###2      | 82/250 [00:16<00:31,  5.28it/s]Final:  33%|###3      | 83/250 [00:16<00:31,  5.34it/s]Final:  34%|###3      | 84/250 [00:16<00:31,  5.27it/s]Final:  34%|###4      | 85/250 [00:16<00:30,  5.39it/s]Final:  34%|###4      | 86/250 [00:16<00:30,  5.47it/s]Final:  35%|###4      | 87/250 [00:17<00:30,  5.40it/s]Final:  35%|###5      | 88/250 [00:17<00:29,  5.41it/s]Final:  36%|###5      | 89/250 [00:17<00:29,  5.51it/s]Final:  36%|###6      | 90/250 [00:17<00:29,  5.48it/s]Final:  36%|###6      | 91/250 [00:17<00:28,  5.49it/s]Final:  37%|###6      | 92/250 [00:17<00:28,  5.53it/s]Final:  37%|###7      | 93/250 [00:18<00:29,  5.41it/s]Final:  38%|###7      | 94/250 [00:18<00:29,  5.31it/s]Final:  38%|###8      | 95/250 [00:18<00:28,  5.42it/s]Final:  38%|###8      | 96/250 [00:18<00:28,  5.33it/s]Final:  39%|###8      | 97/250 [00:18<00:28,  5.43it/s]Final:  39%|###9      | 98/250 [00:19<00:28,  5.41it/s]Final:  40%|###9      | 99/250 [00:19<00:27,  5.55it/s]Final:  40%|####      | 100/250 [00:19<00:26,  5.62it/s]Final:  40%|####      | 101/250 [00:19<00:26,  5.60it/s]Final:  41%|####      | 102/250 [00:19<00:26,  5.58it/s]Final:  41%|####1     | 103/250 [00:19<00:26,  5.53it/s]Final:  42%|####1     | 104/250 [00:20<00:25,  5.69it/s]Final:  42%|####2     | 105/250 [00:20<00:24,  5.80it/s]Final:  42%|####2     | 106/250 [00:20<00:26,  5.41it/s]Final:  43%|####2     | 107/250 [00:20<00:26,  5.44it/s]Final:  43%|####3     | 108/250 [00:20<00:27,  5.22it/s]Final:  44%|####3     | 109/250 [00:21<00:26,  5.36it/s]Final:  44%|####4     | 110/250 [00:21<00:26,  5.29it/s]Final:  44%|####4     | 111/250 [00:21<00:26,  5.34it/s]Final:  45%|####4     | 112/250 [00:21<00:25,  5.46it/s]Final:  45%|####5     | 113/250 [00:21<00:25,  5.48it/s]Final:  46%|####5     | 114/250 [00:21<00:25,  5.40it/s]Final:  46%|####6     | 115/250 [00:22<00:24,  5.47it/s]Final:  46%|####6     | 116/250 [00:22<00:24,  5.49it/s]Final:  47%|####6     | 117/250 [00:22<00:24,  5.48it/s]Final:  47%|####7     | 118/250 [00:22<00:23,  5.57it/s]Final:  48%|####7     | 119/250 [00:22<00:23,  5.64it/s]Final:  48%|####8     | 120/250 [00:23<00:23,  5.65it/s]Final:  48%|####8     | 121/250 [00:23<00:23,  5.53it/s]Final:  49%|####8     | 122/250 [00:23<00:23,  5.54it/s]Final:  49%|####9     | 123/250 [00:23<00:23,  5.47it/s]Final:  50%|####9     | 124/250 [00:23<00:22,  5.52it/s]Final:  50%|#####     | 125/250 [00:23<00:23,  5.42it/s]Final:  50%|#####     | 126/250 [00:24<00:22,  5.39it/s]Final:  51%|#####     | 127/250 [00:24<00:23,  5.33it/s]Final:  51%|#####1    | 128/250 [00:24<00:22,  5.39it/s]Final:  52%|#####1    | 129/250 [00:24<00:22,  5.45it/s]Final:  52%|#####2    | 130/250 [00:24<00:22,  5.37it/s]Final:  52%|#####2    | 131/250 [00:25<00:21,  5.50it/s]Final:  53%|#####2    | 132/250 [00:25<00:21,  5.54it/s]Final:  53%|#####3    | 133/250 [00:25<00:20,  5.62it/s]Final:  54%|#####3    | 134/250 [00:25<00:20,  5.61it/s]Final:  54%|#####4    | 135/250 [00:25<00:21,  5.43it/s]Final:  54%|#####4    | 136/250 [00:25<00:21,  5.41it/s]Final:  55%|#####4    | 137/250 [00:26<00:20,  5.58it/s]Final:  55%|#####5    | 138/250 [00:26<00:19,  5.71it/s]Final:  56%|#####5    | 139/250 [00:26<00:19,  5.73it/s]Final:  56%|#####6    | 140/250 [00:26<00:19,  5.75it/s]Final:  56%|#####6    | 141/250 [00:26<00:19,  5.59it/s]Final:  57%|#####6    | 142/250 [00:27<00:20,  5.39it/s]Final:  57%|#####7    | 143/250 [00:27<00:20,  5.19it/s]Final:  58%|#####7    | 144/250 [00:27<00:20,  5.05it/s]Final:  58%|#####8    | 145/250 [00:27<00:21,  4.96it/s]Final:  58%|#####8    | 146/250 [00:27<00:21,  4.92it/s]Final:  59%|#####8    | 147/250 [00:28<00:21,  4.89it/s]Final:  59%|#####9    | 148/250 [00:28<00:20,  4.94it/s]Final:  60%|#####9    | 149/250 [00:28<00:20,  4.89it/s]Final:  60%|######    | 150/250 [00:28<00:20,  4.95it/s]Final:  60%|######    | 151/250 [00:28<00:20,  4.87it/s]Final:  61%|######    | 152/250 [00:29<00:19,  4.94it/s]Final:  61%|######1   | 153/250 [00:29<00:19,  4.94it/s]Final:  62%|######1   | 154/250 [00:29<00:19,  4.96it/s]Final:  62%|######2   | 155/250 [00:29<00:19,  4.95it/s]Final:  62%|######2   | 156/250 [00:29<00:19,  4.90it/s]Final:  63%|######2   | 157/250 [00:30<00:18,  4.92it/s]Final:  63%|######3   | 158/250 [00:30<00:18,  4.93it/s]Final:  64%|######3   | 159/250 [00:30<00:18,  4.91it/s]Final:  64%|######4   | 160/250 [00:30<00:18,  4.74it/s]Final:  64%|######4   | 161/250 [00:30<00:18,  4.81it/s]Final:  65%|######4   | 162/250 [00:31<00:18,  4.80it/s]Final:  65%|######5   | 163/250 [00:31<00:17,  4.85it/s]Final:  66%|######5   | 164/250 [00:31<00:17,  4.88it/s]Final:  66%|######6   | 165/250 [00:31<00:16,  5.14it/s]Final:  66%|######6   | 166/250 [00:31<00:16,  5.13it/s]Final:  67%|######6   | 167/250 [00:32<00:16,  5.08it/s]Final:  67%|######7   | 168/250 [00:32<00:16,  5.01it/s]Final:  68%|######7   | 169/250 [00:32<00:16,  4.97it/s]Final:  68%|######8   | 170/250 [00:32<00:15,  5.09it/s]Final:  68%|######8   | 171/250 [00:32<00:15,  4.96it/s]Final:  69%|######8   | 172/250 [00:33<00:15,  4.95it/s]Final:  69%|######9   | 173/250 [00:33<00:15,  4.96it/s]Final:  70%|######9   | 174/250 [00:33<00:15,  5.00it/s]Final:  70%|#######   | 175/250 [00:33<00:14,  5.00it/s]Final:  70%|#######   | 176/250 [00:33<00:15,  4.91it/s]Final:  71%|#######   | 177/250 [00:34<00:14,  4.94it/s]Final:  71%|#######1  | 178/250 [00:34<00:14,  4.90it/s]Final:  72%|#######1  | 179/250 [00:34<00:14,  4.90it/s]Final:  72%|#######2  | 180/250 [00:34<00:14,  4.89it/s]Final:  72%|#######2  | 181/250 [00:34<00:14,  4.84it/s]Final:  73%|#######2  | 182/250 [00:35<00:14,  4.80it/s]Final:  73%|#######3  | 183/250 [00:35<00:13,  4.87it/s]Final:  74%|#######3  | 184/250 [00:35<00:13,  4.88it/s]Final:  74%|#######4  | 185/250 [00:35<00:13,  4.88it/s]Final:  74%|#######4  | 186/250 [00:36<00:13,  4.83it/s]Final:  75%|#######4  | 187/250 [00:36<00:13,  4.83it/s]Final:  75%|#######5  | 188/250 [00:36<00:12,  4.87it/s]Final:  76%|#######5  | 189/250 [00:36<00:12,  4.88it/s]Final:  76%|#######6  | 190/250 [00:36<00:12,  4.97it/s]Final:  76%|#######6  | 191/250 [00:37<00:12,  4.90it/s]Final:  77%|#######6  | 192/250 [00:37<00:11,  4.92it/s]Final:  77%|#######7  | 193/250 [00:37<00:11,  4.91it/s]Final:  78%|#######7  | 194/250 [00:37<00:11,  4.97it/s]Final:  78%|#######8  | 195/250 [00:37<00:10,  5.10it/s]Final:  78%|#######8  | 196/250 [00:38<00:10,  5.11it/s]Final:  79%|#######8  | 197/250 [00:38<00:10,  5.30it/s]Final:  79%|#######9  | 198/250 [00:38<00:09,  5.44it/s]Final:  80%|#######9  | 199/250 [00:38<00:09,  5.30it/s]Final:  80%|########  | 200/250 [00:38<00:09,  5.39it/s]Final:  80%|########  | 201/250 [00:38<00:08,  5.50it/s]Final:  81%|########  | 202/250 [00:39<00:08,  5.44it/s]Final:  81%|########1 | 203/250 [00:39<00:08,  5.57it/s]Final:  82%|########1 | 204/250 [00:39<00:08,  5.45it/s]Final:  82%|########2 | 205/250 [00:39<00:08,  5.56it/s]Final:  82%|########2 | 206/250 [00:39<00:07,  5.63it/s]Final:  83%|########2 | 207/250 [00:39<00:07,  5.60it/s]Final:  83%|########3 | 208/250 [00:40<00:07,  5.52it/s]Final:  84%|########3 | 209/250 [00:40<00:07,  5.47it/s]Final:  84%|########4 | 210/250 [00:40<00:07,  5.41it/s]Final:  84%|########4 | 211/250 [00:40<00:07,  5.47it/s]Final:  85%|########4 | 212/250 [00:40<00:07,  5.35it/s]Final:  85%|########5 | 213/250 [00:41<00:07,  5.28it/s]Final:  86%|########5 | 214/250 [00:41<00:06,  5.37it/s]Final:  86%|########6 | 215/250 [00:41<00:06,  5.43it/s]Final:  86%|########6 | 216/250 [00:41<00:06,  5.34it/s]Final:  87%|########6 | 217/250 [00:41<00:06,  5.39it/s]Final:  87%|########7 | 218/250 [00:42<00:05,  5.54it/s]Final:  88%|########7 | 219/250 [00:42<00:05,  5.54it/s]Final:  88%|########8 | 220/250 [00:42<00:05,  5.58it/s]Final:  88%|########8 | 221/250 [00:42<00:05,  5.55it/s]Final:  89%|########8 | 222/250 [00:42<00:05,  5.53it/s]Final:  89%|########9 | 223/250 [00:42<00:04,  5.62it/s]Final:  90%|########9 | 224/250 [00:43<00:04,  5.57it/s]Final:  90%|######### | 225/250 [00:43<00:04,  5.42it/s]Final:  90%|######### | 226/250 [00:43<00:04,  5.55it/s]Final:  91%|######### | 227/250 [00:43<00:04,  5.58it/s]Final:  91%|#########1| 228/250 [00:43<00:03,  5.68it/s]Final:  92%|#########1| 229/250 [00:44<00:03,  5.54it/s]Final:  92%|#########2| 230/250 [00:44<00:03,  5.70it/s]Final:  92%|#########2| 231/250 [00:44<00:03,  5.70it/s]Final:  93%|#########2| 232/250 [00:44<00:03,  5.65it/s]Final:  93%|#########3| 233/250 [00:44<00:02,  5.68it/s]Final:  94%|#########3| 234/250 [00:44<00:02,  5.52it/s]Final:  94%|#########3| 235/250 [00:45<00:02,  5.53it/s]Final:  94%|#########4| 236/250 [00:45<00:02,  5.60it/s]Final:  95%|#########4| 237/250 [00:45<00:02,  5.49it/s]Final:  95%|#########5| 238/250 [00:45<00:02,  5.41it/s]Final:  96%|#########5| 239/250 [00:45<00:02,  5.48it/s]Final:  96%|#########6| 240/250 [00:45<00:01,  5.53it/s]Final:  96%|#########6| 241/250 [00:46<00:01,  5.52it/s]Final:  97%|#########6| 242/250 [00:46<00:01,  5.49it/s]Final:  97%|#########7| 243/250 [00:46<00:01,  5.62it/s]Final:  98%|#########7| 244/250 [00:46<00:01,  5.47it/s]Final:  98%|#########8| 245/250 [00:46<00:00,  5.33it/s]Final:  98%|#########8| 246/250 [00:47<00:00,  5.26it/s]Final:  99%|#########8| 247/250 [00:47<00:00,  5.46it/s]Final:  99%|#########9| 248/250 [00:47<00:00,  5.61it/s]Final: 100%|#########9| 249/250 [00:47<00:00,  5.52it/s]Final: 100%|##########| 250/250 [00:47<00:00,  5.64it/s]Final: 100%|##########| 250/250 [00:47<00:00,  5.23it/s]
Best val SDPE = 0.014474 @ epoch 173

--- Test metrics ---
  cost MAPE: 0.996%
  cost SDPE: 1.542%
V3 NN model saved to D:\Area-and-Distribution-Free-Estimator-for-TSP\nn_est_alpha_v3\nn_alpha_v3_model.pt
