Device: cuda  features: 30  train: 69768  AMP: True
[I 2026-04-18 22:48:42,658] A new study created in RDB with name: nn_v3
[I 2026-04-18 22:48:53,597] Trial 0 finished with value: 0.015614380713434864 and parameters: {'hidden_dim': 256, 'num_blocks': 8, 'dropout': 0.15979909127171077, 'lr': 0.00023852347578447072}. Best is trial 0 with value: 0.015614380713434864.
[I 2026-04-18 22:48:58,665] Trial 1 finished with value: 0.015262624397474065 and parameters: {'hidden_dim': 192, 'num_blocks': 4, 'dropout': 0.05871254182522992, 'lr': 0.0009842315738502602}. Best is trial 1 with value: 0.015262624397474065.
[I 2026-04-18 22:49:06,526] Trial 2 finished with value: 0.07407333572659855 and parameters: {'hidden_dim': 384, 'num_blocks': 7, 'dropout': 0.05308767414437037, 'lr': 0.0017052641538983103}. Best is trial 1 with value: 0.015262624397474065.
[I 2026-04-18 22:49:07,396] Trial 3 pruned. 
[I 2026-04-18 22:49:15,262] Trial 4 finished with value: 0.01681457242022447 and parameters: {'hidden_dim': 256, 'num_blocks': 6, 'dropout': 0.11479175279631737, 'lr': 4.678719265016204e-05}. Best is trial 1 with value: 0.015262624397474065.
[I 2026-04-18 22:49:16,166] Trial 5 pruned. 
[I 2026-04-18 22:49:17,342] Trial 6 pruned. 
[I 2026-04-18 22:49:18,153] Trial 7 pruned. 
[I 2026-04-18 22:49:21,490] Trial 8 pruned. 
[I 2026-04-18 22:49:22,261] Trial 9 pruned. 
[I 2026-04-18 22:49:28,298] Trial 10 finished with value: 0.015557917855369991 and parameters: {'hidden_dim': 192, 'num_blocks': 4, 'dropout': 0.08214164842524657, 'lr': 0.000688761009651427}. Best is trial 1 with value: 0.015262624397474065.
[I 2026-04-18 22:49:30,185] Trial 11 pruned. 
[I 2026-04-18 22:49:32,477] Trial 12 pruned. 
[I 2026-04-18 22:49:33,209] Trial 13 pruned. 
[I 2026-04-18 22:49:35,606] Trial 14 pruned. 
[I 2026-04-18 22:49:37,593] Trial 15 pruned. 
[I 2026-04-18 22:49:43,541] Trial 16 pruned. 
[I 2026-04-18 22:49:52,172] Trial 17 finished with value: 0.015711404768819662 and parameters: {'hidden_dim': 128, 'num_blocks': 6, 'dropout': 0.09476677710991704, 'lr': 0.0004902891327752418}. Best is trial 1 with value: 0.015262624397474065.
[I 2026-04-18 22:49:53,375] Trial 18 pruned. 
[I 2026-04-18 22:49:54,687] Trial 19 pruned. 
[I 2026-04-18 22:49:56,780] Trial 20 pruned. 
[I 2026-04-18 22:50:00,304] Trial 21 pruned. 
[I 2026-04-18 22:50:01,508] Trial 22 pruned. 
[I 2026-04-18 22:50:04,969] Trial 23 pruned. 
[I 2026-04-18 22:50:11,025] Trial 24 pruned. 
[I 2026-04-18 22:50:20,895] Trial 25 pruned. 
[I 2026-04-18 22:50:21,840] Trial 26 pruned. 
[I 2026-04-18 22:50:23,175] Trial 27 pruned. 
[I 2026-04-18 22:50:24,003] Trial 28 pruned. 
[I 2026-04-18 22:50:34,047] Trial 29 pruned. 
[I 2026-04-18 22:50:34,876] Trial 30 pruned. 
[I 2026-04-18 22:50:43,791] Trial 31 pruned. 
[I 2026-04-18 22:50:46,618] Trial 32 pruned. 
[I 2026-04-18 22:50:47,575] Trial 33 pruned. 
[I 2026-04-18 22:50:50,340] Trial 34 pruned. 
[I 2026-04-18 22:50:57,327] Trial 35 pruned. 
[I 2026-04-18 22:50:59,462] Trial 36 pruned. 
[I 2026-04-18 22:51:00,673] Trial 37 pruned. 
[I 2026-04-18 22:51:02,008] Trial 38 pruned. 
[I 2026-04-18 22:51:09,143] Trial 39 pruned. 
[I 2026-04-18 22:51:10,098] Trial 40 pruned. 
[I 2026-04-18 22:51:12,930] Trial 41 pruned. 
[I 2026-04-18 22:51:14,021] Trial 42 pruned. 
[I 2026-04-18 22:51:14,986] Trial 43 pruned. 
[I 2026-04-18 22:51:17,087] Trial 44 pruned. 
[I 2026-04-18 22:51:18,175] Trial 45 pruned. 
[I 2026-04-18 22:51:28,169] Trial 46 pruned. 
[I 2026-04-18 22:51:30,314] Trial 47 pruned. 
[I 2026-04-18 22:51:38,128] Trial 48 pruned. 
[I 2026-04-18 22:51:40,591] Trial 49 pruned. 
[I 2026-04-18 22:51:47,059] Trial 50 pruned. 
[I 2026-04-18 22:51:50,334] Trial 51 pruned. 
[I 2026-04-18 22:51:53,502] Trial 52 pruned. 
[I 2026-04-18 22:51:54,824] Trial 53 pruned. 
[I 2026-04-18 22:51:55,845] Trial 54 pruned. 
[I 2026-04-18 22:52:04,700] Trial 55 pruned. 
[I 2026-04-18 22:52:05,535] Trial 56 pruned. 
[I 2026-04-18 22:52:16,791] Trial 57 pruned. 
[I 2026-04-18 22:52:17,899] Trial 58 pruned. 
[I 2026-04-18 22:52:24,922] Trial 59 pruned. 
[I 2026-04-18 22:52:25,887] Trial 60 pruned. 
[I 2026-04-18 22:52:36,712] Trial 61 finished with value: 0.01603862350460779 and parameters: {'hidden_dim': 320, 'num_blocks': 8, 'dropout': 0.15320403776254218, 'lr': 0.0004392541375659659}. Best is trial 1 with value: 0.015262624397474065.
[I 2026-04-18 22:52:47,316] Trial 62 finished with value: 0.015610590890056036 and parameters: {'hidden_dim': 384, 'num_blocks': 8, 'dropout': 0.1564898063261895, 'lr': 0.0004314450290107595}. Best is trial 1 with value: 0.015262624397474065.
[I 2026-04-18 22:52:57,189] Trial 63 pruned. 
[I 2026-04-18 22:53:07,768] Trial 64 finished with value: 0.015245427883982853 and parameters: {'hidden_dim': 384, 'num_blocks': 8, 'dropout': 0.17140313556931416, 'lr': 0.0002926559890356964}. Best is trial 64 with value: 0.015245427883982853.
[I 2026-04-18 22:53:18,272] Trial 65 pruned. 
[I 2026-04-18 22:53:29,068] Trial 66 finished with value: 0.015922788981934215 and parameters: {'hidden_dim': 320, 'num_blocks': 8, 'dropout': 0.19733197973202354, 'lr': 0.0014867165863154143}. Best is trial 64 with value: 0.015245427883982853.
[I 2026-04-18 22:53:32,805] Trial 67 pruned. 
[I 2026-04-18 22:53:34,187] Trial 68 pruned. 
[I 2026-04-18 22:53:36,520] Trial 69 pruned. 
[I 2026-04-18 22:53:37,369] Trial 70 pruned. 
[I 2026-04-18 22:53:46,783] Trial 71 pruned. 
[I 2026-04-18 22:53:56,167] Trial 72 pruned. 
[I 2026-04-18 22:53:59,225] Trial 73 pruned. 
[I 2026-04-18 22:54:00,353] Trial 74 pruned. 
[I 2026-04-18 22:54:08,901] Trial 75 pruned. 
[I 2026-04-18 22:54:18,517] Trial 76 pruned. 
[I 2026-04-18 22:54:19,654] Trial 77 pruned. 
[I 2026-04-18 22:54:21,793] Trial 78 pruned. 
[I 2026-04-18 22:54:29,192] Trial 79 pruned. 
[I 2026-04-18 22:54:38,118] Trial 80 finished with value: 0.015320125345647287 and parameters: {'hidden_dim': 256, 'num_blocks': 8, 'dropout': 0.12687586481222343, 'lr': 0.0003799032870914195}. Best is trial 64 with value: 0.015245427883982853.
[I 2026-04-18 22:54:40,706] Trial 81 pruned. 
[I 2026-04-18 22:54:41,831] Trial 82 pruned. 
[I 2026-04-18 22:54:50,030] Trial 83 pruned. 
[I 2026-04-18 22:54:51,354] Trial 84 pruned. 
[I 2026-04-18 22:55:01,442] Trial 85 finished with value: 0.015449759403028687 and parameters: {'hidden_dim': 256, 'num_blocks': 8, 'dropout': 0.11598049051026207, 'lr': 0.0004660489446763953}. Best is trial 64 with value: 0.015245427883982853.
[I 2026-04-18 22:55:02,835] Trial 86 pruned. 
[I 2026-04-18 22:55:04,298] Trial 87 pruned. 
[I 2026-04-18 22:55:11,573] Trial 88 pruned. 
[I 2026-04-18 22:55:20,672] Trial 89 finished with value: 0.015970220843778693 and parameters: {'hidden_dim': 128, 'num_blocks': 6, 'dropout': 0.09377093833102411, 'lr': 0.00037041860688775404}. Best is trial 64 with value: 0.015245427883982853.
[I 2026-04-18 22:55:31,254] Trial 90 pruned. 
[I 2026-04-18 22:55:33,986] Trial 91 pruned. 
[I 2026-04-18 22:55:35,009] Trial 92 pruned. 
[I 2026-04-18 22:55:36,472] Trial 93 pruned. 
[I 2026-04-18 22:55:46,379] Trial 94 pruned. 
[I 2026-04-18 22:55:48,232] Trial 95 pruned. 
[I 2026-04-18 22:55:57,244] Trial 96 finished with value: 0.01555408882812995 and parameters: {'hidden_dim': 128, 'num_blocks': 7, 'dropout': 0.13380358154521652, 'lr': 0.0008665365004819917}. Best is trial 64 with value: 0.015245427883982853.
[I 2026-04-18 22:56:00,200] Trial 97 pruned. 
[I 2026-04-18 22:56:01,400] Trial 98 pruned. 
