[I 2026-04-18 21:35:22,976] Trial 0 finished with value: 0.013944805606020889 and parameters: {'learning_rate': 0.030710573677773714, 'num_leaves': 490, 'lambda_l1': 0.038720902953704193, 'lambda_l2': 0.0024430162614261413, 'feature_fraction': 0.4936111842654619, 'bagging_fraction': 0.49359671220172163, 'bagging_freq': 1, 'min_child_samples': 44}. Best is trial 0 with value: 0.013944805606020889.
[I 2026-04-18 21:35:31,503] Trial 1 finished with value: 0.014366660808321389 and parameters: {'learning_rate': 0.06054365855469246, 'num_leaves': 381, 'lambda_l1': 1.5320059381854043e-08, 'lambda_l2': 5.360294728728285, 'feature_fraction': 0.899465584480253, 'bagging_fraction': 0.5274034664069657, 'bagging_freq': 2, 'min_child_samples': 13}. Best is trial 0 with value: 0.013944805606020889.
[I 2026-04-18 21:36:00,349] Trial 2 finished with value: 0.01419596778371043 and parameters: {'learning_rate': 0.024878734419814436, 'num_leaves': 299, 'lambda_l1': 7.71800699380605e-05, 'lambda_l2': 4.17890272377219e-06, 'feature_fraction': 0.7671117368334277, 'bagging_fraction': 0.4836963163912251, 'bagging_freq': 3, 'min_child_samples': 21}. Best is trial 0 with value: 0.013944805606020889.
[I 2026-04-18 21:36:01,978] Trial 3 pruned. Trial was pruned at iteration 100.
[I 2026-04-18 21:36:50,520] Trial 4 finished with value: 0.016204142913322634 and parameters: {'learning_rate': 0.012151617026673379, 'num_leaves': 490, 'lambda_l1': 4.905556676028774, 'lambda_l2': 0.18861495878553936, 'feature_fraction': 0.5827682615040224, 'bagging_fraction': 0.45860326840383037, 'bagging_freq': 5, 'min_child_samples': 25}. Best is trial 0 with value: 0.013944805606020889.
[I 2026-04-18 21:36:52,131] Trial 5 pruned. Trial was pruned at iteration 100.
[I 2026-04-18 21:36:53,013] Trial 6 pruned. Trial was pruned at iteration 100.
[I 2026-04-18 21:36:54,134] Trial 7 pruned. Trial was pruned at iteration 100.
[I 2026-04-18 21:36:55,732] Trial 8 pruned. Trial was pruned at iteration 100.
[I 2026-04-18 21:37:46,143] Trial 9 finished with value: 0.014116542204438896 and parameters: {'learning_rate': 0.010166803740022877, 'num_leaves': 430, 'lambda_l1': 0.022999378190815954, 'lambda_l2': 0.03639690979811287, 'feature_fraction': 0.8627622080115674, 'bagging_fraction': 0.44442679104045424, 'bagging_freq': 3, 'min_child_samples': 10}. Best is trial 0 with value: 0.013944805606020889.
[I 2026-04-18 21:37:50,752] Trial 10 pruned. Trial was pruned at iteration 300.
[I 2026-04-18 21:37:52,821] Trial 11 pruned. Trial was pruned at iteration 100.
[I 2026-04-18 21:38:46,715] Trial 12 finished with value: 0.013871220715161548 and parameters: {'learning_rate': 0.011911168641755648, 'num_leaves': 189, 'lambda_l1': 0.04106733191410276, 'lambda_l2': 1.936290655349737, 'feature_fraction': 0.8580729961257666, 'bagging_fraction': 0.4103522735233591, 'bagging_freq': 4, 'min_child_samples': 6}. Best is trial 12 with value: 0.013871220715161548.
[I 2026-04-18 21:39:16,452] Trial 13 finished with value: 0.01383151073324167 and parameters: {'learning_rate': 0.01969214857064711, 'num_leaves': 90, 'lambda_l1': 9.46717730065144e-05, 'lambda_l2': 1.0042646736960357, 'feature_fraction': 0.6939552716048495, 'bagging_fraction': 0.4339970972708135, 'bagging_freq': 3, 'min_child_samples': 10}. Best is trial 13 with value: 0.01383151073324167.
[I 2026-04-18 21:39:47,050] Trial 14 finished with value: 0.014110325323193184 and parameters: {'learning_rate': 0.023006467457710122, 'num_leaves': 132, 'lambda_l1': 0.00040658028376722356, 'lambda_l2': 0.10691381645504117, 'feature_fraction': 0.8841148891979447, 'bagging_fraction': 0.4542554745297591, 'bagging_freq': 3, 'min_child_samples': 7}. Best is trial 13 with value: 0.01383151073324167.
[I 2026-04-18 21:39:55,531] Trial 15 pruned. Trial was pruned at iteration 900.
[I 2026-04-18 21:40:05,893] Trial 16 finished with value: 0.014102070516512914 and parameters: {'learning_rate': 0.049743384983262716, 'num_leaves': 154, 'lambda_l1': 0.0009025067837578277, 'lambda_l2': 0.39815949599103023, 'feature_fraction': 0.5572611132772821, 'bagging_fraction': 0.4509676994997725, 'bagging_freq': 5, 'min_child_samples': 23}. Best is trial 13 with value: 0.01383151073324167.
[I 2026-04-18 21:40:07,231] Trial 17 pruned. Trial was pruned at iteration 100.
[I 2026-04-18 21:40:09,065] Trial 18 pruned. Trial was pruned at iteration 100.
[I 2026-04-18 21:40:20,534] Trial 19 pruned. Trial was pruned at iteration 900.
[I 2026-04-18 21:40:21,613] Trial 20 pruned. Trial was pruned at iteration 100.
[I 2026-04-18 21:41:37,195] Trial 21 finished with value: 0.013906066760548067 and parameters: {'learning_rate': 0.01034972577389071, 'num_leaves': 223, 'lambda_l1': 0.4215049882295272, 'lambda_l2': 4.1726598577576395, 'feature_fraction': 0.8328365642020207, 'bagging_fraction': 0.4052417698455818, 'bagging_freq': 3, 'min_child_samples': 10}. Best is trial 13 with value: 0.01383151073324167.
[I 2026-04-18 21:41:39,599] Trial 22 pruned. Trial was pruned at iteration 300.
[I 2026-04-18 21:41:42,379] Trial 23 pruned. Trial was pruned at iteration 300.
[I 2026-04-18 21:41:43,413] Trial 24 pruned. Trial was pruned at iteration 100.
[I 2026-04-18 21:41:44,857] Trial 25 pruned. Trial was pruned at iteration 100.
[I 2026-04-18 21:41:49,511] Trial 26 pruned. Trial was pruned at iteration 300.
[I 2026-04-18 21:41:51,635] Trial 27 pruned. Trial was pruned at iteration 300.
[I 2026-04-18 21:42:19,653] Trial 28 finished with value: 0.013809925833579094 and parameters: {'learning_rate': 0.028385403881067323, 'num_leaves': 68, 'lambda_l1': 1.6701425511479167e-06, 'lambda_l2': 0.0063696289394870225, 'feature_fraction': 0.6721582466343436, 'bagging_fraction': 0.4337771373980632, 'bagging_freq': 5, 'min_child_samples': 15}. Best is trial 28 with value: 0.013809925833579094.
[I 2026-04-18 21:42:25,348] Trial 29 finished with value: 0.01447866390485601 and parameters: {'learning_rate': 0.08762126260012346, 'num_leaves': 81, 'lambda_l1': 1.5549211542673975e-07, 'lambda_l2': 0.05782237270276762, 'feature_fraction': 0.7784394561677868, 'bagging_fraction': 0.4002125331607512, 'bagging_freq': 4, 'min_child_samples': 16}. Best is trial 28 with value: 0.013809925833579094.
[I 2026-04-18 21:42:26,280] Trial 30 pruned. Trial was pruned at iteration 100.
[I 2026-04-18 21:43:22,019] Trial 31 finished with value: 0.013816105846443265 and parameters: {'learning_rate': 0.010282760550017164, 'num_leaves': 79, 'lambda_l1': 0.0025046474765633123, 'lambda_l2': 2.752280209826022, 'feature_fraction': 0.643450224528738, 'bagging_fraction': 0.43750683679121777, 'bagging_freq': 2, 'min_child_samples': 12}. Best is trial 28 with value: 0.013809925833579094.
[I 2026-04-18 21:43:23,767] Trial 32 pruned. Trial was pruned at iteration 100.
[I 2026-04-18 21:43:27,304] Trial 33 pruned. Trial was pruned at iteration 300.
[I 2026-04-18 21:43:42,291] Trial 34 pruned. Trial was pruned at iteration 900.
[I 2026-04-18 21:43:46,396] Trial 35 pruned. Trial was pruned at iteration 300.
[I 2026-04-18 21:44:11,193] Trial 36 finished with value: 0.013980288549971756 and parameters: {'learning_rate': 0.03542790083029882, 'num_leaves': 102, 'lambda_l1': 9.822994005537294e-06, 'lambda_l2': 0.018949109836372113, 'feature_fraction': 0.7155907118872002, 'bagging_fraction': 0.4313374847752014, 'bagging_freq': 4, 'min_child_samples': 14}. Best is trial 28 with value: 0.013809925833579094.
[I 2026-04-18 21:44:16,190] Trial 37 pruned. Trial was pruned at iteration 300.
[I 2026-04-18 21:44:17,653] Trial 38 pruned. Trial was pruned at iteration 100.
[I 2026-04-18 21:44:21,190] Trial 39 pruned. Trial was pruned at iteration 300.
[I 2026-04-18 21:44:23,572] Trial 40 pruned. Trial was pruned at iteration 100.
[I 2026-04-18 21:45:24,735] Trial 41 finished with value: 0.013785472033041176 and parameters: {'learning_rate': 0.01142549473409089, 'num_leaves': 108, 'lambda_l1': 0.0004134311233619573, 'lambda_l2': 0.5730278778562751, 'feature_fraction': 0.5446291723320099, 'bagging_fraction': 0.4157112399098231, 'bagging_freq': 2, 'min_child_samples': 27}. Best is trial 41 with value: 0.013785472033041176.
[I 2026-04-18 21:45:25,954] Trial 42 pruned. Trial was pruned at iteration 100.
[I 2026-04-18 21:45:35,631] Trial 43 pruned. Trial was pruned at iteration 900.
[I 2026-04-18 21:45:36,611] Trial 44 pruned. Trial was pruned at iteration 100.
[I 2026-04-18 21:45:39,326] Trial 45 pruned. Trial was pruned at iteration 300.
[I 2026-04-18 21:45:40,344] Trial 46 pruned. Trial was pruned at iteration 100.
[I 2026-04-18 21:45:46,802] Trial 47 pruned. Trial was pruned at iteration 300.
[I 2026-04-18 21:45:49,895] Trial 48 pruned. Trial was pruned at iteration 300.
[I 2026-04-18 21:45:51,008] Trial 49 pruned. Trial was pruned at iteration 100.
[I 2026-04-18 21:45:53,691] Trial 50 pruned. Trial was pruned at iteration 300.
[I 2026-04-18 21:45:54,921] Trial 51 pruned. Trial was pruned at iteration 100.
[I 2026-04-18 21:45:56,164] Trial 52 pruned. Trial was pruned at iteration 100.
[I 2026-04-18 21:45:58,373] Trial 53 pruned. Trial was pruned at iteration 300.
[I 2026-04-18 21:46:01,883] Trial 54 pruned. Trial was pruned at iteration 300.
[I 2026-04-18 21:46:03,457] Trial 55 pruned. Trial was pruned at iteration 100.
[I 2026-04-18 21:46:04,452] Trial 56 pruned. Trial was pruned at iteration 100.
[I 2026-04-18 21:46:05,740] Trial 57 pruned. Trial was pruned at iteration 100.
[I 2026-04-18 21:46:13,551] Trial 58 finished with value: 0.014929987284709548 and parameters: {'learning_rate': 0.14202131006197324, 'num_leaves': 501, 'lambda_l1': 2.15099506607368e-06, 'lambda_l2': 0.12449542571312285, 'feature_fraction': 0.5556725690791834, 'bagging_fraction': 0.7635717155381221, 'bagging_freq': 5, 'min_child_samples': 31}. Best is trial 41 with value: 0.013785472033041176.
[I 2026-04-18 21:46:16,511] Trial 59 pruned. Trial was pruned at iteration 300.
[I 2026-04-18 21:46:21,440] Trial 60 pruned. Trial was pruned at iteration 300.
[I 2026-04-18 21:47:05,785] Trial 61 finished with value: 0.013871204217796966 and parameters: {'learning_rate': 0.0399763409565853, 'num_leaves': 438, 'lambda_l1': 0.2030810633288139, 'lambda_l2': 0.0894117947290331, 'feature_fraction': 0.6228923508123928, 'bagging_fraction': 0.5941398792530399, 'bagging_freq': 1, 'min_child_samples': 39}. Best is trial 41 with value: 0.013785472033041176.
[I 2026-04-18 21:47:06,832] Trial 62 pruned. Trial was pruned at iteration 100.
[I 2026-04-18 21:47:27,435] Trial 63 finished with value: 0.01460489324583549 and parameters: {'learning_rate': 0.10356696668630014, 'num_leaves': 512, 'lambda_l1': 0.014679055624396978, 'lambda_l2': 0.25610687292938666, 'feature_fraction': 0.5099652934864174, 'bagging_fraction': 0.6774947876325792, 'bagging_freq': 1, 'min_child_samples': 41}. Best is trial 41 with value: 0.013785472033041176.
[I 2026-04-18 21:48:35,491] Trial 64 finished with value: 0.01366016525388377 and parameters: {'learning_rate': 0.015705196934963975, 'num_leaves': 427, 'lambda_l1': 0.5002359574604542, 'lambda_l2': 0.23130333724879482, 'feature_fraction': 0.6564323101674572, 'bagging_fraction': 0.5542689766904544, 'bagging_freq': 2, 'min_child_samples': 43}. Best is trial 64 with value: 0.01366016525388377.
[I 2026-04-18 21:48:40,632] Trial 65 pruned. Trial was pruned at iteration 300.
[I 2026-04-18 21:48:41,414] Trial 66 pruned. Trial was pruned at iteration 100.
[I 2026-04-18 21:48:43,340] Trial 67 pruned. Trial was pruned at iteration 100.
[I 2026-04-18 21:48:48,007] Trial 68 pruned. Trial was pruned at iteration 300.
[I 2026-04-18 21:49:03,192] Trial 69 pruned. Trial was pruned at iteration 900.
[I 2026-04-18 21:49:06,033] Trial 70 pruned. Trial was pruned at iteration 300.
[I 2026-04-18 21:49:15,950] Trial 71 pruned. Trial was pruned at iteration 900.
[I 2026-04-18 21:49:22,582] Trial 72 pruned. Trial was pruned at iteration 300.
[I 2026-04-18 21:49:26,957] Trial 73 pruned. Trial was pruned at iteration 300.
[I 2026-04-18 21:49:29,123] Trial 74 pruned. Trial was pruned at iteration 300.
[I 2026-04-18 21:49:30,015] Trial 75 pruned. Trial was pruned at iteration 100.
[I 2026-04-18 21:49:30,969] Trial 76 pruned. Trial was pruned at iteration 100.
[I 2026-04-18 21:49:41,707] Trial 77 pruned. Trial was pruned at iteration 900.
[I 2026-04-18 21:49:42,711] Trial 78 pruned. Trial was pruned at iteration 100.
[I 2026-04-18 21:49:46,531] Trial 79 pruned. Trial was pruned at iteration 300.
[I 2026-04-18 21:50:01,983] Trial 80 finished with value: 0.014081673572456963 and parameters: {'learning_rate': 0.042957169673329, 'num_leaves': 461, 'lambda_l1': 1.5479551438147774e-05, 'lambda_l2': 0.0004435992938471457, 'feature_fraction': 0.51993890633459, 'bagging_fraction': 0.8045094544806365, 'bagging_freq': 1, 'min_child_samples': 23}. Best is trial 64 with value: 0.01366016525388377.
[I 2026-04-18 21:50:07,312] Trial 81 pruned. Trial was pruned at iteration 300.
[I 2026-04-18 21:50:31,911] Trial 82 finished with value: 0.014157079095994726 and parameters: {'learning_rate': 0.03614293127362501, 'num_leaves': 492, 'lambda_l1': 0.013036830341694453, 'lambda_l2': 7.678942889530425e-06, 'feature_fraction': 0.6013957806944742, 'bagging_fraction': 0.5198144906482318, 'bagging_freq': 2, 'min_child_samples': 43}. Best is trial 64 with value: 0.01366016525388377.
[I 2026-04-18 21:50:32,852] Trial 83 pruned. Trial was pruned at iteration 100.
[I 2026-04-18 21:50:53,258] Trial 84 finished with value: 0.013846101584485127 and parameters: {'learning_rate': 0.03703151446736283, 'num_leaves': 71, 'lambda_l1': 3.088760411088777e-07, 'lambda_l2': 0.39939536493279193, 'feature_fraction': 0.5520745767123717, 'bagging_fraction': 0.5752722597329711, 'bagging_freq': 4, 'min_child_samples': 23}. Best is trial 64 with value: 0.01366016525388377.
[I 2026-04-18 21:51:26,245] Trial 85 finished with value: 0.013925374869882368 and parameters: {'learning_rate': 0.031681611014978094, 'num_leaves': 137, 'lambda_l1': 6.309726147740659e-07, 'lambda_l2': 0.07666949018839796, 'feature_fraction': 0.4838151766464013, 'bagging_fraction': 0.5021377300381233, 'bagging_freq': 4, 'min_child_samples': 26}. Best is trial 64 with value: 0.01366016525388377.
[I 2026-04-18 21:51:40,391] Trial 86 pruned. Trial was pruned at iteration 900.
[I 2026-04-18 21:51:56,545] Trial 87 finished with value: 0.014174461244520705 and parameters: {'learning_rate': 0.05105931652002293, 'num_leaves': 206, 'lambda_l1': 6.688020012451484e-06, 'lambda_l2': 1.80904321951582, 'feature_fraction': 0.645803800926011, 'bagging_fraction': 0.760703582340295, 'bagging_freq': 4, 'min_child_samples': 10}. Best is trial 64 with value: 0.01366016525388377.
[I 2026-04-18 21:52:18,265] Trial 88 finished with value: 0.0138169608938927 and parameters: {'learning_rate': 0.03179948854421288, 'num_leaves': 85, 'lambda_l1': 2.1712204349444448e-05, 'lambda_l2': 0.036110336133464566, 'feature_fraction': 0.6198889194917071, 'bagging_fraction': 0.5853119245636114, 'bagging_freq': 6, 'min_child_samples': 27}. Best is trial 64 with value: 0.01366016525388377.
[I 2026-04-18 21:52:21,863] Trial 89 pruned. Trial was pruned at iteration 300.
[I 2026-04-18 21:52:41,573] Trial 90 pruned. Trial was pruned at iteration 900.
[I 2026-04-18 21:52:56,278] Trial 91 finished with value: 0.01400556286196396 and parameters: {'learning_rate': 0.048129759954711505, 'num_leaves': 99, 'lambda_l1': 6.893734467472344e-08, 'lambda_l2': 0.014941804030982444, 'feature_fraction': 0.5514611757498187, 'bagging_fraction': 0.49092302191468473, 'bagging_freq': 5, 'min_child_samples': 17}. Best is trial 64 with value: 0.01366016525388377.
[I 2026-04-18 21:52:57,712] Trial 92 pruned. Trial was pruned at iteration 100.
[I 2026-04-18 21:53:58,237] Trial 93 pruned. Trial was pruned at iteration 2700.
[I 2026-04-18 21:54:14,632] Trial 94 pruned. Trial was pruned at iteration 900.
[I 2026-04-18 21:54:23,237] Trial 95 pruned. Trial was pruned at iteration 300.
[I 2026-04-18 21:54:24,634] Trial 96 pruned. Trial was pruned at iteration 100.
[I 2026-04-18 21:55:16,873] Trial 97 pruned. Trial was pruned at iteration 2700.
[I 2026-04-18 21:55:19,113] Trial 98 pruned. Trial was pruned at iteration 100.
[I 2026-04-18 21:55:23,445] Trial 99 pruned. Trial was pruned at iteration 300.
Best val RMSE: 0.013660
Best params: {'learning_rate': 0.015705196934963975, 'num_leaves': 427, 'lambda_l1': 0.5002359574604542, 'lambda_l2': 0.23130333724879482, 'feature_fraction': 0.6564323101674572, 'bagging_fraction': 0.5542689766904544, 'bagging_freq': 2, 'min_child_samples': 43}

--- Final fit on train, early-stopped on val ---
Best iteration: 3000

--- Test metrics ---
  alpha_rmse: 0.0166
  alpha_mae: 0.0099
  alpha_r2: 0.9743
  cost_mape_pct: 0.8475%
  cost_sdpe_pct: 1.2405%

Model saved to D:\Area-and-Distribution-Free-Estimator-for-TSP\lgbm_model_v3\lgbm_alpha_model_v3.joblib
Importance plot -> D:\Area-and-Distribution-Free-Estimator-for-TSP\lgbm_model_v3\feature_importance_v3.png
