D:\Area-and-Distribution-Free-Estimator-for-TSP\lgbm_model_v3\LGBM_Alpha_Model_V3.py:119: ExperimentalWarning: Argument ``multivariate`` is an experimental feature. The interface can change in the future.
  sampler = TPESampler(multivariate=True, group=True, seed=RANDOM_STATE)
D:\Area-and-Distribution-Free-Estimator-for-TSP\lgbm_model_v3\LGBM_Alpha_Model_V3.py:119: ExperimentalWarning: Argument ``group`` is an experimental feature. The interface can change in the future.
  sampler = TPESampler(multivariate=True, group=True, seed=RANDOM_STATE)
[I 2026-04-18 21:34:47,585] A new study created in RDB with name: lgbm_v3
Loading D:\Area-and-Distribution-Free-Estimator-for-TSP\lgbm_model_v3\..\tsp_features_v3.csv ...
  train: 69768  val: 19584  test: 16920

--- Running Optuna (100 trials, TPE multivariate + Hyperband) ---
  0%|          | 0/100 [00:00<?, ?it/s]                                         0%|          | 0/100 [00:35<?, ?it/s]Best trial: 0. Best value: 0.0139448:   0%|          | 0/100 [00:35<?, ?it/s]Best trial: 0. Best value: 0.0139448:   1%|1         | 1/100 [00:35<58:25, 35.41s/it]                                                                                     Best trial: 0. Best value: 0.0139448:   1%|1         | 1/100 [00:43<58:25, 35.41s/it]Best trial: 0. Best value: 0.0139448:   1%|1         | 1/100 [00:43<58:25, 35.41s/it]Best trial: 0. Best value: 0.0139448:   2%|2         | 2/100 [00:43<31:59, 19.59s/it]                                                                                     Best trial: 0. Best value: 0.0139448:   2%|2         | 2/100 [01:12<31:59, 19.59s/it]Best trial: 0. Best value: 0.0139448:   2%|2         | 2/100 [01:12<31:59, 19.59s/it]Best trial: 0. Best value: 0.0139448:   3%|3         | 3/100 [01:12<38:29, 23.81s/it]                                                                                     Best trial: 0. Best value: 0.0139448:   3%|3         | 3/100 [01:14<38:29, 23.81s/it]Best trial: 0. Best value: 0.0139448:   3%|3         | 3/100 [01:14<38:29, 23.81s/it]Best trial: 0. Best value: 0.0139448:   4%|4         | 4/100 [01:14<24:05, 15.06s/it]                                                                                     Best trial: 0. Best value: 0.0139448:   4%|4         | 4/100 [02:02<24:05, 15.06s/it]Best trial: 0. Best value: 0.0139448:   4%|4         | 4/100 [02:02<24:05, 15.06s/it]Best trial: 0. Best value: 0.0139448:   5%|5         | 5/100 [02:02<42:57, 27.13s/it]                                                                                     Best trial: 0. Best value: 0.0139448:   5%|5         | 5/100 [02:04<42:57, 27.13s/it]Best trial: 0. Best value: 0.0139448:   5%|5         | 5/100 [02:04<42:57, 27.13s/it]Best trial: 0. Best value: 0.0139448:   6%|6         | 6/100 [02:04<28:54, 18.45s/it]                                                                                     Best trial: 0. Best value: 0.0139448:   6%|6         | 6/100 [02:05<28:54, 18.45s/it]Best trial: 0. Best value: 0.0139448:   6%|6         | 6/100 [02:05<28:54, 18.45s/it]Best trial: 0. Best value: 0.0139448:   7%|7         | 7/100 [02:05<19:41, 12.71s/it]                                                                                     Best trial: 0. Best value: 0.0139448:   7%|7         | 7/100 [02:06<19:41, 12.71s/it]Best trial: 0. Best value: 0.0139448:   7%|7         | 7/100 [02:06<19:41, 12.71s/it]Best trial: 0. Best value: 0.0139448:   8%|8         | 8/100 [02:06<13:49,  9.02s/it]                                                                                     Best trial: 0. Best value: 0.0139448:   8%|8         | 8/100 [02:08<13:49,  9.02s/it]Best trial: 0. Best value: 0.0139448:   8%|8         | 8/100 [02:08<13:49,  9.02s/it]Best trial: 0. Best value: 0.0139448:   9%|9         | 9/100 [02:08<10:09,  6.70s/it]                                                                                     Best trial: 0. Best value: 0.0139448:   9%|9         | 9/100 [02:58<10:09,  6.70s/it]Best trial: 0. Best value: 0.0139448:   9%|9         | 9/100 [02:58<10:09,  6.70s/it]Best trial: 0. Best value: 0.0139448:  10%|#         | 10/100 [02:58<30:17, 20.19s/it]                                                                                      Best trial: 0. Best value: 0.0139448:  10%|#         | 10/100 [03:03<30:17, 20.19s/it]Best trial: 0. Best value: 0.0139448:  10%|#         | 10/100 [03:03<30:17, 20.19s/it]Best trial: 0. Best value: 0.0139448:  11%|#1        | 11/100 [03:03<22:52, 15.42s/it]                                                                                      Best trial: 0. Best value: 0.0139448:  11%|#1        | 11/100 [03:05<22:52, 15.42s/it]Best trial: 0. Best value: 0.0139448:  11%|#1        | 11/100 [03:05<22:52, 15.42s/it]Best trial: 0. Best value: 0.0139448:  12%|#2        | 12/100 [03:05<16:39, 11.36s/it]                                                                                      Best trial: 0. Best value: 0.0139448:  12%|#2        | 12/100 [03:59<16:39, 11.36s/it]Best trial: 12. Best value: 0.0138712:  12%|#2        | 12/100 [03:59<16:39, 11.36s/it]Best trial: 12. Best value: 0.0138712:  13%|#3        | 13/100 [03:59<35:10, 24.26s/it]                                                                                       Best trial: 12. Best value: 0.0138712:  13%|#3        | 13/100 [04:28<35:10, 24.26s/it]Best trial: 13. Best value: 0.0138315:  13%|#3        | 13/100 [04:28<35:10, 24.26s/it]Best trial: 13. Best value: 0.0138315:  14%|#4        | 14/100 [04:28<37:08, 25.91s/it]                                                                                       Best trial: 13. Best value: 0.0138315:  14%|#4        | 14/100 [04:59<37:08, 25.91s/it]Best trial: 13. Best value: 0.0138315:  14%|#4        | 14/100 [04:59<37:08, 25.91s/it]Best trial: 13. Best value: 0.0138315:  15%|#5        | 15/100 [04:59<38:41, 27.31s/it]                                                                                       Best trial: 13. Best value: 0.0138315:  15%|#5        | 15/100 [05:07<38:41, 27.31s/it]Best trial: 13. Best value: 0.0138315:  15%|#5        | 15/100 [05:07<38:41, 27.31s/it]Best trial: 13. Best value: 0.0138315:  16%|#6        | 16/100 [05:07<30:18, 21.65s/it]                                                                                       Best trial: 13. Best value: 0.0138315:  16%|#6        | 16/100 [05:18<30:18, 21.65s/it]Best trial: 13. Best value: 0.0138315:  16%|#6        | 16/100 [05:18<30:18, 21.65s/it]Best trial: 13. Best value: 0.0138315:  17%|#7        | 17/100 [05:18<25:14, 18.25s/it]                                                                                       Best trial: 13. Best value: 0.0138315:  17%|#7        | 17/100 [05:19<25:14, 18.25s/it]Best trial: 13. Best value: 0.0138315:  17%|#7        | 17/100 [05:19<25:14, 18.25s/it]Best trial: 13. Best value: 0.0138315:  18%|#8        | 18/100 [05:19<17:59, 13.17s/it]                                                                                       Best trial: 13. Best value: 0.0138315:  18%|#8        | 18/100 [05:21<17:59, 13.17s/it]Best trial: 13. Best value: 0.0138315:  18%|#8        | 18/100 [05:21<17:59, 13.17s/it]Best trial: 13. Best value: 0.0138315:  19%|#9        | 19/100 [05:21<13:10,  9.77s/it]                                                                                       Best trial: 13. Best value: 0.0138315:  19%|#9        | 19/100 [05:32<13:10,  9.77s/it]Best trial: 13. Best value: 0.0138315:  19%|#9        | 19/100 [05:32<13:10,  9.77s/it]Best trial: 13. Best value: 0.0138315:  20%|##        | 20/100 [05:32<13:42, 10.28s/it]                                                                                       Best trial: 13. Best value: 0.0138315:  20%|##        | 20/100 [05:34<13:42, 10.28s/it]Best trial: 13. Best value: 0.0138315:  20%|##        | 20/100 [05:34<13:42, 10.28s/it]Best trial: 13. Best value: 0.0138315:  21%|##1       | 21/100 [05:34<09:53,  7.52s/it]                                                                                       Best trial: 13. Best value: 0.0138315:  21%|##1       | 21/100 [06:49<09:53,  7.52s/it]Best trial: 13. Best value: 0.0138315:  21%|##1       | 21/100 [06:49<09:53,  7.52s/it]Best trial: 13. Best value: 0.0138315:  22%|##2       | 22/100 [06:49<36:19, 27.94s/it]                                                                                       Best trial: 13. Best value: 0.0138315:  22%|##2       | 22/100 [06:52<36:19, 27.94s/it]Best trial: 13. Best value: 0.0138315:  22%|##2       | 22/100 [06:52<36:19, 27.94s/it]Best trial: 13. Best value: 0.0138315:  23%|##3       | 23/100 [06:52<26:01, 20.28s/it]                                                                                       Best trial: 13. Best value: 0.0138315:  23%|##3       | 23/100 [06:54<26:01, 20.28s/it]Best trial: 13. Best value: 0.0138315:  23%|##3       | 23/100 [06:54<26:01, 20.28s/it]Best trial: 13. Best value: 0.0138315:  24%|##4       | 24/100 [06:54<19:02, 15.03s/it]                                                                                       Best trial: 13. Best value: 0.0138315:  24%|##4       | 24/100 [06:55<19:02, 15.03s/it]Best trial: 13. Best value: 0.0138315:  24%|##4       | 24/100 [06:55<19:02, 15.03s/it]Best trial: 13. Best value: 0.0138315:  25%|##5       | 25/100 [06:55<13:32, 10.83s/it]                                                                                       Best trial: 13. Best value: 0.0138315:  25%|##5       | 25/100 [06:57<13:32, 10.83s/it]Best trial: 13. Best value: 0.0138315:  25%|##5       | 25/100 [06:57<13:32, 10.83s/it]Best trial: 13. Best value: 0.0138315:  26%|##6       | 26/100 [06:57<09:53,  8.01s/it]                                                                                       Best trial: 13. Best value: 0.0138315:  26%|##6       | 26/100 [07:01<09:53,  8.01s/it]Best trial: 13. Best value: 0.0138315:  26%|##6       | 26/100 [07:01<09:53,  8.01s/it]Best trial: 13. Best value: 0.0138315:  27%|##7       | 27/100 [07:01<08:31,  7.01s/it]                                                                                       Best trial: 13. Best value: 0.0138315:  27%|##7       | 27/100 [07:04<08:31,  7.01s/it]Best trial: 13. Best value: 0.0138315:  27%|##7       | 27/100 [07:04<08:31,  7.01s/it]Best trial: 13. Best value: 0.0138315:  28%|##8       | 28/100 [07:04<06:38,  5.54s/it]                                                                                       Best trial: 13. Best value: 0.0138315:  28%|##8       | 28/100 [07:32<06:38,  5.54s/it]Best trial: 28. Best value: 0.0138099:  28%|##8       | 28/100 [07:32<06:38,  5.54s/it]Best trial: 28. Best value: 0.0138099:  29%|##9       | 29/100 [07:32<14:33, 12.30s/it]                                                                                       Best trial: 28. Best value: 0.0138099:  29%|##9       | 29/100 [07:37<14:33, 12.30s/it]Best trial: 28. Best value: 0.0138099:  29%|##9       | 29/100 [07:37<14:33, 12.30s/it]Best trial: 28. Best value: 0.0138099:  30%|###       | 30/100 [07:37<12:01, 10.30s/it]                                                                                       Best trial: 28. Best value: 0.0138099:  30%|###       | 30/100 [07:38<12:01, 10.30s/it]Best trial: 28. Best value: 0.0138099:  30%|###       | 30/100 [07:38<12:01, 10.30s/it]Best trial: 28. Best value: 0.0138099:  31%|###1      | 31/100 [07:38<08:36,  7.49s/it]                                                                                       Best trial: 28. Best value: 0.0138099:  31%|###1      | 31/100 [08:34<08:36,  7.49s/it]Best trial: 28. Best value: 0.0138099:  31%|###1      | 31/100 [08:34<08:36,  7.49s/it]Best trial: 28. Best value: 0.0138099:  32%|###2      | 32/100 [08:34<24:53, 21.97s/it]                                                                                       Best trial: 28. Best value: 0.0138099:  32%|###2      | 32/100 [08:36<24:53, 21.97s/it]Best trial: 28. Best value: 0.0138099:  32%|###2      | 32/100 [08:36<24:53, 21.97s/it]Best trial: 28. Best value: 0.0138099:  33%|###3      | 33/100 [08:36<17:45, 15.90s/it]                                                                                       Best trial: 28. Best value: 0.0138099:  33%|###3      | 33/100 [08:39<17:45, 15.90s/it]Best trial: 28. Best value: 0.0138099:  33%|###3      | 33/100 [08:39<17:45, 15.90s/it]Best trial: 28. Best value: 0.0138099:  34%|###4      | 34/100 [08:39<13:24, 12.19s/it]                                                                                       Best trial: 28. Best value: 0.0138099:  34%|###4      | 34/100 [08:54<13:24, 12.19s/it]Best trial: 28. Best value: 0.0138099:  34%|###4      | 34/100 [08:54<13:24, 12.19s/it]Best trial: 28. Best value: 0.0138099:  35%|###5      | 35/100 [08:54<14:06, 13.03s/it]                                                                                       Best trial: 28. Best value: 0.0138099:  35%|###5      | 35/100 [08:58<14:06, 13.03s/it]Best trial: 28. Best value: 0.0138099:  35%|###5      | 35/100 [08:58<14:06, 13.03s/it]Best trial: 28. Best value: 0.0138099:  36%|###6      | 36/100 [08:58<11:02, 10.35s/it]                                                                                       Best trial: 28. Best value: 0.0138099:  36%|###6      | 36/100 [09:23<11:02, 10.35s/it]Best trial: 28. Best value: 0.0138099:  36%|###6      | 36/100 [09:23<11:02, 10.35s/it]Best trial: 28. Best value: 0.0138099:  37%|###7      | 37/100 [09:23<15:25, 14.69s/it]                                                                                       Best trial: 28. Best value: 0.0138099:  37%|###7      | 37/100 [09:28<15:25, 14.69s/it]Best trial: 28. Best value: 0.0138099:  37%|###7      | 37/100 [09:28<15:25, 14.69s/it]Best trial: 28. Best value: 0.0138099:  38%|###8      | 38/100 [09:28<12:10, 11.78s/it]                                                                                       Best trial: 28. Best value: 0.0138099:  38%|###8      | 38/100 [09:30<12:10, 11.78s/it]Best trial: 28. Best value: 0.0138099:  38%|###8      | 38/100 [09:30<12:10, 11.78s/it]Best trial: 28. Best value: 0.0138099:  39%|###9      | 39/100 [09:30<08:49,  8.68s/it]                                                                                       Best trial: 28. Best value: 0.0138099:  39%|###9      | 39/100 [09:33<08:49,  8.68s/it]Best trial: 28. Best value: 0.0138099:  39%|###9      | 39/100 [09:33<08:49,  8.68s/it]Best trial: 28. Best value: 0.0138099:  40%|####      | 40/100 [09:33<07:08,  7.14s/it]                                                                                       Best trial: 28. Best value: 0.0138099:  40%|####      | 40/100 [09:35<07:08,  7.14s/it]Best trial: 28. Best value: 0.0138099:  40%|####      | 40/100 [09:35<07:08,  7.14s/it]Best trial: 28. Best value: 0.0138099:  41%|####1     | 41/100 [09:35<05:37,  5.71s/it]                                                                                       Best trial: 28. Best value: 0.0138099:  41%|####1     | 41/100 [10:37<05:37,  5.71s/it]Best trial: 41. Best value: 0.0137855:  41%|####1     | 41/100 [10:37<05:37,  5.71s/it]Best trial: 41. Best value: 0.0137855:  42%|####2     | 42/100 [10:37<21:37, 22.37s/it]                                                                                       Best trial: 41. Best value: 0.0137855:  42%|####2     | 42/100 [10:38<21:37, 22.37s/it]Best trial: 41. Best value: 0.0137855:  42%|####2     | 42/100 [10:38<21:37, 22.37s/it]Best trial: 41. Best value: 0.0137855:  43%|####3     | 43/100 [10:38<15:12, 16.00s/it]                                                                                       Best trial: 41. Best value: 0.0137855:  43%|####3     | 43/100 [10:48<15:12, 16.00s/it]Best trial: 41. Best value: 0.0137855:  43%|####3     | 43/100 [10:48<15:12, 16.00s/it]Best trial: 41. Best value: 0.0137855:  44%|####4     | 44/100 [10:48<13:09, 14.11s/it]                                                                                       Best trial: 41. Best value: 0.0137855:  44%|####4     | 44/100 [10:49<13:09, 14.11s/it]Best trial: 41. Best value: 0.0137855:  44%|####4     | 44/100 [10:49<13:09, 14.11s/it]Best trial: 41. Best value: 0.0137855:  45%|####5     | 45/100 [10:49<09:19, 10.17s/it]                                                                                       Best trial: 41. Best value: 0.0137855:  45%|####5     | 45/100 [10:51<09:19, 10.17s/it]Best trial: 41. Best value: 0.0137855:  45%|####5     | 45/100 [10:51<09:19, 10.17s/it]Best trial: 41. Best value: 0.0137855:  46%|####6     | 46/100 [10:51<07:08,  7.93s/it]                                                                                       Best trial: 41. Best value: 0.0137855:  46%|####6     | 46/100 [10:52<07:08,  7.93s/it]Best trial: 41. Best value: 0.0137855:  46%|####6     | 46/100 [10:52<07:08,  7.93s/it]Best trial: 41. Best value: 0.0137855:  47%|####6     | 47/100 [10:52<05:10,  5.86s/it]                                                                                       Best trial: 41. Best value: 0.0137855:  47%|####6     | 47/100 [10:59<05:10,  5.86s/it]Best trial: 41. Best value: 0.0137855:  47%|####6     | 47/100 [10:59<05:10,  5.86s/it]Best trial: 41. Best value: 0.0137855:  48%|####8     | 48/100 [10:59<05:13,  6.04s/it]                                                                                       Best trial: 41. Best value: 0.0137855:  48%|####8     | 48/100 [11:02<05:13,  6.04s/it]Best trial: 41. Best value: 0.0137855:  48%|####8     | 48/100 [11:02<05:13,  6.04s/it]Best trial: 41. Best value: 0.0137855:  49%|####9     | 49/100 [11:02<04:22,  5.15s/it]                                                                                       Best trial: 41. Best value: 0.0137855:  49%|####9     | 49/100 [11:03<04:22,  5.15s/it]Best trial: 41. Best value: 0.0137855:  49%|####9     | 49/100 [11:03<04:22,  5.15s/it]Best trial: 41. Best value: 0.0137855:  50%|#####     | 50/100 [11:03<03:17,  3.94s/it]                                                                                       Best trial: 41. Best value: 0.0137855:  50%|#####     | 50/100 [11:06<03:17,  3.94s/it]Best trial: 41. Best value: 0.0137855:  50%|#####     | 50/100 [11:06<03:17,  3.94s/it]Best trial: 41. Best value: 0.0137855:  51%|#####1    | 51/100 [11:06<02:54,  3.56s/it]                                                                                       Best trial: 41. Best value: 0.0137855:  51%|#####1    | 51/100 [11:07<02:54,  3.56s/it]Best trial: 41. Best value: 0.0137855:  51%|#####1    | 51/100 [11:07<02:54,  3.56s/it]Best trial: 41. Best value: 0.0137855:  52%|#####2    | 52/100 [11:07<02:17,  2.86s/it]                                                                                       Best trial: 41. Best value: 0.0137855:  52%|#####2    | 52/100 [11:08<02:17,  2.86s/it]Best trial: 41. Best value: 0.0137855:  52%|#####2    | 52/100 [11:08<02:17,  2.86s/it]Best trial: 41. Best value: 0.0137855:  53%|#####3    | 53/100 [11:08<01:51,  2.38s/it]                                                                                       Best trial: 41. Best value: 0.0137855:  53%|#####3    | 53/100 [11:10<01:51,  2.38s/it]Best trial: 41. Best value: 0.0137855:  53%|#####3    | 53/100 [11:10<01:51,  2.38s/it]Best trial: 41. Best value: 0.0137855:  54%|#####4    | 54/100 [11:10<01:47,  2.33s/it]                                                                                       Best trial: 41. Best value: 0.0137855:  54%|#####4    | 54/100 [11:14<01:47,  2.33s/it]Best trial: 41. Best value: 0.0137855:  54%|#####4    | 54/100 [11:14<01:47,  2.33s/it]Best trial: 41. Best value: 0.0137855:  55%|#####5    | 55/100 [11:14<02:00,  2.68s/it]                                                                                       Best trial: 41. Best value: 0.0137855:  55%|#####5    | 55/100 [11:15<02:00,  2.68s/it]Best trial: 41. Best value: 0.0137855:  55%|#####5    | 55/100 [11:15<02:00,  2.68s/it]Best trial: 41. Best value: 0.0137855:  56%|#####6    | 56/100 [11:15<01:43,  2.35s/it]                                                                                       Best trial: 41. Best value: 0.0137855:  56%|#####6    | 56/100 [11:16<01:43,  2.35s/it]Best trial: 41. Best value: 0.0137855:  56%|#####6    | 56/100 [11:16<01:43,  2.35s/it]Best trial: 41. Best value: 0.0137855:  57%|#####6    | 57/100 [11:16<01:23,  1.94s/it]                                                                                       Best trial: 41. Best value: 0.0137855:  57%|#####6    | 57/100 [11:18<01:23,  1.94s/it]Best trial: 41. Best value: 0.0137855:  57%|#####6    | 57/100 [11:18<01:23,  1.94s/it]Best trial: 41. Best value: 0.0137855:  58%|#####8    | 58/100 [11:18<01:13,  1.75s/it]                                                                                       Best trial: 41. Best value: 0.0137855:  58%|#####8    | 58/100 [11:25<01:13,  1.75s/it]Best trial: 41. Best value: 0.0137855:  58%|#####8    | 58/100 [11:25<01:13,  1.75s/it]Best trial: 41. Best value: 0.0137855:  59%|#####8    | 59/100 [11:25<02:26,  3.57s/it]                                                                                       Best trial: 41. Best value: 0.0137855:  59%|#####8    | 59/100 [11:28<02:26,  3.57s/it]Best trial: 41. Best value: 0.0137855:  59%|#####8    | 59/100 [11:28<02:26,  3.57s/it]Best trial: 41. Best value: 0.0137855:  60%|######    | 60/100 [11:28<02:15,  3.38s/it]                                                                                       Best trial: 41. Best value: 0.0137855:  60%